<?xml version="1.0" encoding="UTF-8"?>
<!-- Generated by org.testng.reporters.JUnitReportReporter -->
<testsuite hostname="LTAUS00092" name="com.cognizant.qbe.SmokeTests.VehicleQuoteTests" tests="1" failures="0" timestamp="20 Jul 2018 05:24:23 GMT" time="21.814" errors="0">
  <testcase name="fill_in_form_using_test_data" time="21.814" classname="com.cognizant.qbe.SmokeTests.VehicleQuoteTests"/>
</testsuite> <!-- com.cognizant.qbe.SmokeTests.VehicleQuoteTests -->
