<?xml version="1.0" encoding="UTF-8"?>
<!-- Generated by org.testng.reporters.JUnitReportReporter -->
<testsuite hostname="LTAUS00092" name="com.cognizant.qbe.SmokeTests.HomePageTests" tests="1" failures="0" timestamp="12 Jul 2018 00:02:09 GMT" time="24.662" errors="0">
  <testcase name="navigate_to_car_insurance" time="24.662" classname="com.cognizant.qbe.SmokeTests.HomePageTests"/>
</testsuite> <!-- com.cognizant.qbe.SmokeTests.HomePageTests -->
