<?xml version="1.0" encoding="UTF-8"?>
<!-- Generated by org.testng.reporters.JUnitReportReporter -->
<testsuite hostname="LTAUS00092" name="com.cognizant.qbe.SmokeTests.VehicleQuoteTests" tests="1" failures="0" timestamp="2 Sep 2018 23:47:25 GMT" time="25.651" errors="0">
  <testcase name="form_fill_total" time="25.651" classname="com.cognizant.qbe.SmokeTests.VehicleQuoteTests"/>
</testsuite> <!-- com.cognizant.qbe.SmokeTests.VehicleQuoteTests -->
