<?xml version="1.0" encoding="UTF-8"?>
<!-- Generated by org.testng.reporters.JUnitReportReporter -->
<testsuite hostname="LTAUS00092" name="com.cognizant.qbe.SmokeTests.VehicleQuoteTests" tests="1" failures="0" timestamp="29 Aug 2018 01:47:44 GMT" time="22.916" errors="0">
  <testcase name="form_submitted_with_empty_fields" time="22.916" classname="com.cognizant.qbe.SmokeTests.VehicleQuoteTests"/>
</testsuite> <!-- com.cognizant.qbe.SmokeTests.VehicleQuoteTests -->
